<?xml version="1.0" encoding="UTF-8"?>
<testsuite name="problems.problem2.ExamMarksTest" tests="24" skipped="0" failures="0" errors="0" timestamp="2016-06-09T11:40:45" hostname="MacBook-Pro-de-Antonio-3.local" time="0.014">
  <properties/>
  <testcase name="should_return_the_number_of_marks_greater_than_a_mark[0: problems.problem2.ToniImp@1c7fc217]" classname="problems.problem2.ExamMarksTest" time="0.0"/>
  <testcase name="should_return_the_length_of_the_marks_array[0: problems.problem2.ToniImp@1c7fc217]" classname="problems.problem2.ExamMarksTest" time="0.0"/>
  <testcase name="should_return_zero_when_are_not_marks_greater_than_a_one_mark[0: problems.problem2.ToniImp@1c7fc217]" classname="problems.problem2.ExamMarksTest" time="0.0"/>
  <testcase name="should_return_zero_when_the_length_of_array_is_zero[0: problems.problem2.ToniImp@1c7fc217]" classname="problems.problem2.ExamMarksTest" time="0.0"/>
  <testcase name="should_return_the_number_of_marks_greater_than_a_mark[1: problems.problem2.JoseLlorensImp@4f252dc9]" classname="problems.problem2.ExamMarksTest" time="0.0"/>
  <testcase name="should_return_the_length_of_the_marks_array[1: problems.problem2.JoseLlorensImp@4f252dc9]" classname="problems.problem2.ExamMarksTest" time="0.0"/>
  <testcase name="should_return_zero_when_are_not_marks_greater_than_a_one_mark[1: problems.problem2.JoseLlorensImp@4f252dc9]" classname="problems.problem2.ExamMarksTest" time="0.0"/>
  <testcase name="should_return_zero_when_the_length_of_array_is_zero[1: problems.problem2.JoseLlorensImp@4f252dc9]" classname="problems.problem2.ExamMarksTest" time="0.0"/>
  <testcase name="should_return_the_number_of_marks_greater_than_a_mark[2: problems.problem2.CarlosImp@3b3495c0]" classname="problems.problem2.ExamMarksTest" time="0.0"/>
  <testcase name="should_return_the_length_of_the_marks_array[2: problems.problem2.CarlosImp@3b3495c0]" classname="problems.problem2.ExamMarksTest" time="0.0"/>
  <testcase name="should_return_zero_when_are_not_marks_greater_than_a_one_mark[2: problems.problem2.CarlosImp@3b3495c0]" classname="problems.problem2.ExamMarksTest" time="0.0"/>
  <testcase name="should_return_zero_when_the_length_of_array_is_zero[2: problems.problem2.CarlosImp@3b3495c0]" classname="problems.problem2.ExamMarksTest" time="0.0"/>
  <testcase name="should_return_the_number_of_marks_greater_than_a_mark[3: problems.problem2.KevinImp@610ce54]" classname="problems.problem2.ExamMarksTest" time="0.0"/>
  <testcase name="should_return_the_length_of_the_marks_array[3: problems.problem2.KevinImp@610ce54]" classname="problems.problem2.ExamMarksTest" time="0.0"/>
  <testcase name="should_return_zero_when_are_not_marks_greater_than_a_one_mark[3: problems.problem2.KevinImp@610ce54]" classname="problems.problem2.ExamMarksTest" time="0.0"/>
  <testcase name="should_return_zero_when_the_length_of_array_is_zero[3: problems.problem2.KevinImp@610ce54]" classname="problems.problem2.ExamMarksTest" time="0.0"/>
  <testcase name="should_return_the_number_of_marks_greater_than_a_mark[4: problems.problem2.JoseMImp@649dcbfb]" classname="problems.problem2.ExamMarksTest" time="0.0"/>
  <testcase name="should_return_the_length_of_the_marks_array[4: problems.problem2.JoseMImp@649dcbfb]" classname="problems.problem2.ExamMarksTest" time="0.0"/>
  <testcase name="should_return_zero_when_are_not_marks_greater_than_a_one_mark[4: problems.problem2.JoseMImp@649dcbfb]" classname="problems.problem2.ExamMarksTest" time="0.0"/>
  <testcase name="should_return_zero_when_the_length_of_array_is_zero[4: problems.problem2.JoseMImp@649dcbfb]" classname="problems.problem2.ExamMarksTest" time="0.001"/>
  <testcase name="should_return_the_number_of_marks_greater_than_a_mark[5: problems.problem2.PedroImp@230e9c4]" classname="problems.problem2.ExamMarksTest" time="0.0"/>
  <testcase name="should_return_the_length_of_the_marks_array[5: problems.problem2.PedroImp@230e9c4]" classname="problems.problem2.ExamMarksTest" time="0.001"/>
  <testcase name="should_return_zero_when_are_not_marks_greater_than_a_one_mark[5: problems.problem2.PedroImp@230e9c4]" classname="problems.problem2.ExamMarksTest" time="0.0"/>
  <testcase name="should_return_zero_when_the_length_of_array_is_zero[5: problems.problem2.PedroImp@230e9c4]" classname="problems.problem2.ExamMarksTest" time="0.001"/>
  <system-out><![CDATA[]]></system-out>
  <system-err><![CDATA[]]></system-err>
</testsuite>
