<?xml version="1.0" encoding="UTF-8"?>
<testsuite name="problems.problem1.IndexTest" tests="4" skipped="0" failures="0" errors="0" timestamp="2016-05-10T21:16:17" hostname="MacBook-Pro-de-Antonio-3.local" time="0.001">
  <properties/>
  <testcase name="testVeryBigIndex" classname="problems.problem1.IndexTest" time="0.0"/>
  <testcase name="testSmallIndex" classname="problems.problem1.IndexTest" time="0.0"/>
  <testcase name="testBigIndex" classname="problems.problem1.IndexTest" time="0.0"/>
  <testcase name="testVerySmallIndex" classname="problems.problem1.IndexTest" time="0.0"/>
  <system-out><![CDATA[]]></system-out>
  <system-err><![CDATA[]]></system-err>
</testsuite>
