<?xml version="1.0" encoding="UTF-8"?>
<testsuite name="dsa.data_structures.queues.QueueTest" tests="12" skipped="0" failures="0" errors="0" timestamp="2016-06-09T11:40:44" hostname="MacBook-Pro-de-Antonio-3.local" time="0.004">
  <properties/>
  <testcase name="should_duplicate_array_length_correctly[0: dsa.queue.ArrayQueue]" classname="dsa.data_structures.queues.QueueTest" time="0.001"/>
  <testcase name="should_return_null_when_poll_in_empty_queue[0: dsa.queue.ArrayQueue]" classname="dsa.data_structures.queues.QueueTest" time="0.0"/>
  <testcase name="should_return_null_when_peek_in_empty_queue[0: dsa.queue.ArrayQueue]" classname="dsa.data_structures.queues.QueueTest" time="0.0"/>
  <testcase name="should_return_first_when_retrieving_first_element[0: dsa.queue.ArrayQueue]" classname="dsa.data_structures.queues.QueueTest" time="0.0"/>
  <testcase name="should_return_second_when_removing_and_retrieving[0: dsa.queue.ArrayQueue]" classname="dsa.data_structures.queues.QueueTest" time="0.0"/>
  <testcase name="shouls_return_second_when_peek[0: dsa.queue.ArrayQueue]" classname="dsa.data_structures.queues.QueueTest" time="0.0"/>
  <testcase name="should_duplicate_array_length_correctly[1: dsa.queue.LinkedListQueue]" classname="dsa.data_structures.queues.QueueTest" time="0.001"/>
  <testcase name="should_return_null_when_poll_in_empty_queue[1: dsa.queue.LinkedListQueue]" classname="dsa.data_structures.queues.QueueTest" time="0.0"/>
  <testcase name="should_return_null_when_peek_in_empty_queue[1: dsa.queue.LinkedListQueue]" classname="dsa.data_structures.queues.QueueTest" time="0.001"/>
  <testcase name="should_return_first_when_retrieving_first_element[1: dsa.queue.LinkedListQueue]" classname="dsa.data_structures.queues.QueueTest" time="0.0"/>
  <testcase name="should_return_second_when_removing_and_retrieving[1: dsa.queue.LinkedListQueue]" classname="dsa.data_structures.queues.QueueTest" time="0.0"/>
  <testcase name="shouls_return_second_when_peek[1: dsa.queue.LinkedListQueue]" classname="dsa.data_structures.queues.QueueTest" time="0.0"/>
  <system-out><![CDATA[]]></system-out>
  <system-err><![CDATA[]]></system-err>
</testsuite>
