<?xml version="1.0" encoding="UTF-8"?>
<testsuite name="dsa.sorting.SortingTest" tests="40" skipped="0" failures="0" errors="0" timestamp="2016-06-09T11:40:44" hostname="MacBook-Pro-de-Antonio-3.local" time="0.689">
  <properties/>
  <testcase name="should_return_empty_array_when_empty_array[0: dsa.sorting.InsertionSort@2b216749]" classname="dsa.sorting.SortingTest" time="0.001"/>
  <testcase name="should_sort_when_ascending_array[0: dsa.sorting.InsertionSort@2b216749]" classname="dsa.sorting.SortingTest" time="0.001"/>
  <testcase name="should_sort_when_mostly_sorted_descending_array[0: dsa.sorting.InsertionSort@2b216749]" classname="dsa.sorting.SortingTest" time="0.002"/>
  <testcase name="should_sort_when_random[0: dsa.sorting.InsertionSort@2b216749]" classname="dsa.sorting.SortingTest" time="0.002"/>
  <testcase name="should_sort_when_pred_array[0: dsa.sorting.InsertionSort@2b216749]" classname="dsa.sorting.SortingTest" time="0.0"/>
  <testcase name="should_sort_when_mostly_sorted_ascending_array[0: dsa.sorting.InsertionSort@2b216749]" classname="dsa.sorting.SortingTest" time="0.002"/>
  <testcase name="should_sort_when_all_equals_array[0: dsa.sorting.InsertionSort@2b216749]" classname="dsa.sorting.SortingTest" time="0.001"/>
  <testcase name="should_sort_when_descending_array[0: dsa.sorting.InsertionSort@2b216749]" classname="dsa.sorting.SortingTest" time="0.001"/>
  <testcase name="should_return_empty_array_when_empty_array[1: dsa.sorting.MergeSort@64e29585]" classname="dsa.sorting.SortingTest" time="0.0"/>
  <testcase name="should_sort_when_ascending_array[1: dsa.sorting.MergeSort@64e29585]" classname="dsa.sorting.SortingTest" time="0.005"/>
  <testcase name="should_sort_when_mostly_sorted_descending_array[1: dsa.sorting.MergeSort@64e29585]" classname="dsa.sorting.SortingTest" time="0.002"/>
  <testcase name="should_sort_when_random[1: dsa.sorting.MergeSort@64e29585]" classname="dsa.sorting.SortingTest" time="0.002"/>
  <testcase name="should_sort_when_pred_array[1: dsa.sorting.MergeSort@64e29585]" classname="dsa.sorting.SortingTest" time="0.0"/>
  <testcase name="should_sort_when_mostly_sorted_ascending_array[1: dsa.sorting.MergeSort@64e29585]" classname="dsa.sorting.SortingTest" time="0.012"/>
  <testcase name="should_sort_when_all_equals_array[1: dsa.sorting.MergeSort@64e29585]" classname="dsa.sorting.SortingTest" time="0.003"/>
  <testcase name="should_sort_when_descending_array[1: dsa.sorting.MergeSort@64e29585]" classname="dsa.sorting.SortingTest" time="0.002"/>
  <testcase name="should_return_empty_array_when_empty_array[2: dsa.sorting.QuickSort@3741b4c7]" classname="dsa.sorting.SortingTest" time="0.0"/>
  <testcase name="should_sort_when_ascending_array[2: dsa.sorting.QuickSort@3741b4c7]" classname="dsa.sorting.SortingTest" time="0.07"/>
  <testcase name="should_sort_when_mostly_sorted_descending_array[2: dsa.sorting.QuickSort@3741b4c7]" classname="dsa.sorting.SortingTest" time="0.021"/>
  <testcase name="should_sort_when_random[2: dsa.sorting.QuickSort@3741b4c7]" classname="dsa.sorting.SortingTest" time="0.001"/>
  <testcase name="should_sort_when_pred_array[2: dsa.sorting.QuickSort@3741b4c7]" classname="dsa.sorting.SortingTest" time="0.0"/>
  <testcase name="should_sort_when_mostly_sorted_ascending_array[2: dsa.sorting.QuickSort@3741b4c7]" classname="dsa.sorting.SortingTest" time="0.022"/>
  <testcase name="should_sort_when_all_equals_array[2: dsa.sorting.QuickSort@3741b4c7]" classname="dsa.sorting.SortingTest" time="0.001"/>
  <testcase name="should_sort_when_descending_array[2: dsa.sorting.QuickSort@3741b4c7]" classname="dsa.sorting.SortingTest" time="0.017"/>
  <testcase name="should_return_empty_array_when_empty_array[3: dsa.sorting.SelectionSort@53e9cf48]" classname="dsa.sorting.SortingTest" time="0.0"/>
  <testcase name="should_sort_when_ascending_array[3: dsa.sorting.SelectionSort@53e9cf48]" classname="dsa.sorting.SortingTest" time="0.06"/>
  <testcase name="should_sort_when_mostly_sorted_descending_array[3: dsa.sorting.SelectionSort@53e9cf48]" classname="dsa.sorting.SortingTest" time="0.059"/>
  <testcase name="should_sort_when_random[3: dsa.sorting.SelectionSort@53e9cf48]" classname="dsa.sorting.SortingTest" time="0.061"/>
  <testcase name="should_sort_when_pred_array[3: dsa.sorting.SelectionSort@53e9cf48]" classname="dsa.sorting.SortingTest" time="0.0"/>
  <testcase name="should_sort_when_mostly_sorted_ascending_array[3: dsa.sorting.SelectionSort@53e9cf48]" classname="dsa.sorting.SortingTest" time="0.06"/>
  <testcase name="should_sort_when_all_equals_array[3: dsa.sorting.SelectionSort@53e9cf48]" classname="dsa.sorting.SortingTest" time="0.058"/>
  <testcase name="should_sort_when_descending_array[3: dsa.sorting.SelectionSort@53e9cf48]" classname="dsa.sorting.SortingTest" time="0.058"/>
  <testcase name="should_return_empty_array_when_empty_array[4: dsa.sorting.BubbleSort@73d2e153]" classname="dsa.sorting.SortingTest" time="0.0"/>
  <testcase name="should_sort_when_ascending_array[4: dsa.sorting.BubbleSort@73d2e153]" classname="dsa.sorting.SortingTest" time="0.038"/>
  <testcase name="should_sort_when_mostly_sorted_descending_array[4: dsa.sorting.BubbleSort@73d2e153]" classname="dsa.sorting.SortingTest" time="0.035"/>
  <testcase name="should_sort_when_random[4: dsa.sorting.BubbleSort@73d2e153]" classname="dsa.sorting.SortingTest" time="0.018"/>
  <testcase name="should_sort_when_pred_array[4: dsa.sorting.BubbleSort@73d2e153]" classname="dsa.sorting.SortingTest" time="0.0"/>
  <testcase name="should_sort_when_mostly_sorted_ascending_array[4: dsa.sorting.BubbleSort@73d2e153]" classname="dsa.sorting.SortingTest" time="0.024"/>
  <testcase name="should_sort_when_all_equals_array[4: dsa.sorting.BubbleSort@73d2e153]" classname="dsa.sorting.SortingTest" time="0.018"/>
  <testcase name="should_sort_when_descending_array[4: dsa.sorting.BubbleSort@73d2e153]" classname="dsa.sorting.SortingTest" time="0.02"/>
  <system-out><![CDATA[]]></system-out>
  <system-err><![CDATA[]]></system-err>
</testsuite>
