<?xml version="1.0" encoding="UTF-8"?>
<testsuite name="dsa.map.MapTest" tests="20" skipped="0" failures="0" errors="0" timestamp="2016-06-09T11:40:44" hostname="MacBook-Pro-de-Antonio-3.local" time="0.009">
  <properties/>
  <testcase name="should_return_last_value_when_putting_no_new_key[0: dsa.map.HashTable]" classname="dsa.map.MapTest" time="0.001"/>
  <testcase name="should_return_true_when_containsValue_and_cointains_value[0: dsa.map.HashTable]" classname="dsa.map.MapTest" time="0.0"/>
  <testcase name="should_do_rehashing_correctly[0: dsa.map.HashTable]" classname="dsa.map.MapTest" time="0.001"/>
  <testcase name="should_return_true_when_equals_other_map[0: dsa.map.HashTable]" classname="dsa.map.MapTest" time="0.0"/>
  <testcase name="should_remove_value_correctly[0: dsa.map.HashTable]" classname="dsa.map.MapTest" time="0.0"/>
  <testcase name="should_return_false_then_dont_equals_other_map[0: dsa.map.HashTable]" classname="dsa.map.MapTest" time="0.0"/>
  <testcase name="should_return_values_correctly[0: dsa.map.HashTable]" classname="dsa.map.MapTest" time="0.0"/>
  <testcase name="should_return_set_of_entrys[0: dsa.map.HashTable]" classname="dsa.map.MapTest" time="0.0"/>
  <testcase name="should_return_true_when_map_empty[0: dsa.map.HashTable]" classname="dsa.map.MapTest" time="0.0"/>
  <testcase name="should_return_false_when_containsValue_and_dont_cointains_value[0: dsa.map.HashTable]" classname="dsa.map.MapTest" time="0.0"/>
  <testcase name="should_return_false_when_map_not_empty[0: dsa.map.HashTable]" classname="dsa.map.MapTest" time="0.0"/>
  <testcase name="should_return_false_when_containsKey_and_dont_cointains_key[0: dsa.map.HashTable]" classname="dsa.map.MapTest" time="0.0"/>
  <testcase name="should_return_size_correctly[0: dsa.map.HashTable]" classname="dsa.map.MapTest" time="0.0"/>
  <testcase name="should_put_all_entrys_of_other_map_into_this_map[0: dsa.map.HashTable]" classname="dsa.map.MapTest" time="0.0"/>
  <testcase name="should_return_hashCode_correctly[0: dsa.map.HashTable]" classname="dsa.map.MapTest" time="0.0"/>
  <testcase name="should_return_false_when_keySet_works_correctly[0: dsa.map.HashTable]" classname="dsa.map.MapTest" time="0.0"/>
  <testcase name="should_return_true_when_containsKey_and_cointains_key[0: dsa.map.HashTable]" classname="dsa.map.MapTest" time="0.0"/>
  <testcase name="should_return_null_when_putting_a_new_key[0: dsa.map.HashTable]" classname="dsa.map.MapTest" time="0.0"/>
  <testcase name="should_return_mundo_when_get_world[0: dsa.map.HashTable]" classname="dsa.map.MapTest" time="0.0"/>
  <testcase name="should_return_true_when_keySet_works_correctly[0: dsa.map.HashTable]" classname="dsa.map.MapTest" time="0.0"/>
  <system-out><![CDATA[]]></system-out>
  <system-err><![CDATA[]]></system-err>
</testsuite>
